<?xml version="1.0" encoding="UTF-8" ?>
<testsuite tests="1" failures="0" name="com.warzone.edu_assist_domain_classes.AppTest" time="0.113" errors="0" skipped="0">
  <properties>
    <property name="java.runtime.name" value="Java(TM) SE Runtime Environment"/>
    <property name="sun.boot.library.path" value="C:\Program Files\Java\jre1.8.0_121\bin"/>
    <property name="java.vm.version" value="25.121-b13"/>
    <property name="java.vm.vendor" value="Oracle Corporation"/>
    <property name="java.vendor.url" value="http://java.oracle.com/"/>
    <property name="path.separator" value=";"/>
    <property name="java.vm.name" value="Java HotSpot(TM) 64-Bit Server VM"/>
    <property name="file.encoding.pkg" value="sun.io"/>
    <property name="user.script" value=""/>
    <property name="user.country" value="CN"/>
    <property name="sun.java.launcher" value="SUN_STANDARD"/>
    <property name="sun.os.patch.level" value=""/>
    <property name="java.vm.specification.name" value="Java Virtual Machine Specification"/>
    <property name="user.dir" value="E:\eduassist v2\edu_assist-domain-classes"/>
    <property name="java.runtime.version" value="1.8.0_121-b13"/>
    <property name="java.awt.graphicsenv" value="sun.awt.Win32GraphicsEnvironment"/>
    <property name="basedir" value="E:\eduassist v2\edu_assist-domain-classes"/>
    <property name="java.endorsed.dirs" value="C:\Program Files\Java\jre1.8.0_121\lib\endorsed"/>
    <property name="os.arch" value="amd64"/>
    <property name="surefire.real.class.path" value="E:\eduassist v2\edu_assist-domain-classes\target\surefire\surefirebooter1579212270708154545.jar"/>
    <property name="java.io.tmpdir" value="C:\Users\张文武\AppData\Local\Temp\"/>
    <property name="line.separator" value="
"/>
    <property name="java.vm.specification.vendor" value="Oracle Corporation"/>
    <property name="user.variant" value=""/>
    <property name="os.name" value="Windows 10"/>
    <property name="net.sourceforge.cobertura.datafile" value="target/cobertura/cobertura.ser"/>
    <property name="sun.jnu.encoding" value="GBK"/>
    <property name="java.library.path" value="C:\Program Files\Java\jre1.8.0_121\bin;C:\Windows\Sun\Java\bin;C:\Windows\system32;C:\Windows;C:/Program Files/Java/jre1.8.0_121/bin/server;C:/Program Files/Java/jre1.8.0_121/bin;C:/Program Files/Java/jre1.8.0_121/lib/amd64;C:\ProgramData\Oracle\Java\javapath;C:\Windows\system32;C:\Windows;C:\Windows\System32\Wbem;C:\Windows\System32\WindowsPowerShell\v1.0\;C:\Program Files\Java\jdk1.8.0_121\bin;C:\Program Files\Java\jdk1.8.0_121\jre\bin;E:\environment\apache-maven-3.3.9\bin;C:\Program Files\RabbitMQ Server\rabbitmq_server-3.6.11\sbin;C:\Python27\Scripts;C:\Python27;C:\Program Files\MySQL\MySQL Utilities 1.6\;C:\Program Files\TortoiseSVN\bin;C:\Program Files (x86)\SlikSvn\bin;E:\Develop Soft\sts-bundle\sts-3.9.0.RELEASE;;."/>
    <property name="surefire.test.class.path" value="E:\eduassist v2\edu_assist-domain-classes\target\test-classes;E:\eduassist v2\edu_assist-domain-classes\target\classes;E:\edu assist\EduAssistLocalRepository\com\warzone\edu_assist-domain-student\0.0.1-SNAPSHOT\edu_assist-domain-student-0.0.1-SNAPSHOT.jar;E:\edu assist\EduAssistLocalRepository\junit\junit\4.12\junit-4.12.jar;E:\edu assist\EduAssistLocalRepository\org\hamcrest\hamcrest-core\1.3\hamcrest-core-1.3.jar;E:\edu assist\EduAssistLocalRepository\org\springframework\spring-context\4.2.5.RELEASE\spring-context-4.2.5.RELEASE.jar;E:\edu assist\EduAssistLocalRepository\org\springframework\spring-aop\4.2.5.RELEASE\spring-aop-4.2.5.RELEASE.jar;E:\edu assist\EduAssistLocalRepository\aopalliance\aopalliance\1.0\aopalliance-1.0.jar;E:\edu assist\EduAssistLocalRepository\org\springframework\spring-beans\4.2.5.RELEASE\spring-beans-4.2.5.RELEASE.jar;E:\edu assist\EduAssistLocalRepository\org\springframework\spring-core\4.2.5.RELEASE\spring-core-4.2.5.RELEASE.jar;E:\edu assist\EduAssistLocalRepository\commons-logging\commons-logging\1.2\commons-logging-1.2.jar;E:\edu assist\EduAssistLocalRepository\org\springframework\spring-expression\4.2.5.RELEASE\spring-expression-4.2.5.RELEASE.jar;E:\edu assist\EduAssistLocalRepository\log4j\log4j\1.2.17\log4j-1.2.17.jar;"/>
    <property name="java.specification.name" value="Java Platform API Specification"/>
    <property name="java.class.version" value="52.0"/>
    <property name="sun.management.compiler" value="HotSpot 64-Bit Tiered Compilers"/>
    <property name="os.version" value="10.0"/>
    <property name="user.home" value="C:\Users\张文武"/>
    <property name="user.timezone" value=""/>
    <property name="java.awt.printerjob" value="sun.awt.windows.WPrinterJob"/>
    <property name="java.specification.version" value="1.8"/>
    <property name="file.encoding" value="UTF-8"/>
    <property name="user.name" value="张文武"/>
    <property name="java.class.path" value="E:\eduassist v2\edu_assist-domain-classes\target\test-classes;E:\eduassist v2\edu_assist-domain-classes\target\classes;E:\edu assist\EduAssistLocalRepository\com\warzone\edu_assist-domain-student\0.0.1-SNAPSHOT\edu_assist-domain-student-0.0.1-SNAPSHOT.jar;E:\edu assist\EduAssistLocalRepository\junit\junit\4.12\junit-4.12.jar;E:\edu assist\EduAssistLocalRepository\org\hamcrest\hamcrest-core\1.3\hamcrest-core-1.3.jar;E:\edu assist\EduAssistLocalRepository\org\springframework\spring-context\4.2.5.RELEASE\spring-context-4.2.5.RELEASE.jar;E:\edu assist\EduAssistLocalRepository\org\springframework\spring-aop\4.2.5.RELEASE\spring-aop-4.2.5.RELEASE.jar;E:\edu assist\EduAssistLocalRepository\aopalliance\aopalliance\1.0\aopalliance-1.0.jar;E:\edu assist\EduAssistLocalRepository\org\springframework\spring-beans\4.2.5.RELEASE\spring-beans-4.2.5.RELEASE.jar;E:\edu assist\EduAssistLocalRepository\org\springframework\spring-core\4.2.5.RELEASE\spring-core-4.2.5.RELEASE.jar;E:\edu assist\EduAssistLocalRepository\commons-logging\commons-logging\1.2\commons-logging-1.2.jar;E:\edu assist\EduAssistLocalRepository\org\springframework\spring-expression\4.2.5.RELEASE\spring-expression-4.2.5.RELEASE.jar;E:\edu assist\EduAssistLocalRepository\log4j\log4j\1.2.17\log4j-1.2.17.jar;"/>
    <property name="java.vm.specification.version" value="1.8"/>
    <property name="sun.arch.data.model" value="64"/>
    <property name="java.home" value="C:\Program Files\Java\jre1.8.0_121"/>
    <property name="sun.java.command" value="E:\eduassist v2\edu_assist-domain-classes\target\surefire\surefirebooter1579212270708154545.jar E:\eduassist v2\edu_assist-domain-classes\target\surefire\surefire349626559984708879tmp E:\eduassist v2\edu_assist-domain-classes\target\surefire\surefire5855720458422360040tmp"/>
    <property name="java.specification.vendor" value="Oracle Corporation"/>
    <property name="user.language" value="zh"/>
    <property name="awt.toolkit" value="sun.awt.windows.WToolkit"/>
    <property name="java.vm.info" value="mixed mode"/>
    <property name="java.version" value="1.8.0_121"/>
    <property name="java.ext.dirs" value="C:\Program Files\Java\jre1.8.0_121\lib\ext;C:\Windows\Sun\Java\lib\ext"/>
    <property name="sun.boot.class.path" value="C:\Program Files\Java\jre1.8.0_121\lib\resources.jar;C:\Program Files\Java\jre1.8.0_121\lib\rt.jar;C:\Program Files\Java\jre1.8.0_121\lib\sunrsasign.jar;C:\Program Files\Java\jre1.8.0_121\lib\jsse.jar;C:\Program Files\Java\jre1.8.0_121\lib\jce.jar;C:\Program Files\Java\jre1.8.0_121\lib\charsets.jar;C:\Program Files\Java\jre1.8.0_121\lib\jfr.jar;C:\Program Files\Java\jre1.8.0_121\classes"/>
    <property name="java.vendor" value="Oracle Corporation"/>
    <property name="localRepository" value="E:\edu assist\EduAssistLocalRepository"/>
    <property name="file.separator" value="\"/>
    <property name="java.vendor.url.bug" value="http://bugreport.sun.com/bugreport/"/>
    <property name="sun.cpu.endian" value="little"/>
    <property name="sun.io.unicode.encoding" value="UnicodeLittle"/>
    <property name="sun.desktop" value="windows"/>
    <property name="sun.cpu.isalist" value="amd64"/>
  </properties>
  <testcase classname="com.warzone.edu_assist_domain_classes.AppTest" name="testApp" time="0.003"/>
</testsuite>